<?xml version="1.0" encoding="UTF-8"?>
<coverage generated="1667853345714" clover="3.2.0">
  <project timestamp="1667853345714" name="All files">
    <metrics statements="55" coveredstatements="40" conditionals="18" coveredconditionals="6" methods="17" coveredmethods="10" elements="90" coveredelements="56" complexity="0" loc="55" ncloc="55" packages="2" files="5" classes="5"/>
    <package name="express-messagely">
      <metrics statements="18" coveredstatements="11" conditionals="8" coveredconditionals="2" methods="5" coveredmethods="0"/>
      <file name="config.js" path="/home/chris/rithm/exercises/express-messagely/config.js">
        <metrics statements="5" coveredstatements="5" conditionals="4" coveredconditionals="2" methods="0" coveredmethods="0"/>
        <line num="7" count="1" type="stmt"/>
        <line num="10" count="1" type="cond" truecount="1" falsecount="1"/>
        <line num="16" count="1" type="cond" truecount="1" falsecount="1"/>
        <line num="18" count="1" type="stmt"/>
        <line num="20" count="1" type="stmt"/>
      </file>
      <file name="db.js" path="/home/chris/rithm/exercises/express-messagely/db.js">
        <metrics statements="5" coveredstatements="5" conditionals="0" coveredconditionals="0" methods="0" coveredmethods="0"/>
        <line num="6" count="1" type="stmt"/>
        <line num="7" count="1" type="stmt"/>
        <line num="9" count="1" type="stmt"/>
        <line num="11" count="1" type="stmt"/>
        <line num="14" count="1" type="stmt"/>
      </file>
      <file name="expressError.js" path="/home/chris/rithm/exercises/express-messagely/expressError.js">
        <metrics statements="8" coveredstatements="1" conditionals="4" coveredconditionals="0" methods="5" coveredmethods="0"/>
        <line num="9" count="0" type="stmt"/>
        <line num="10" count="0" type="stmt"/>
        <line num="11" count="0" type="stmt"/>
        <line num="19" count="0" type="stmt"/>
        <line num="27" count="0" type="stmt"/>
        <line num="35" count="0" type="stmt"/>
        <line num="43" count="0" type="stmt"/>
        <line num="47" count="1" type="stmt"/>
      </file>
    </package>
    <package name="express-messagely.models">
      <metrics statements="37" coveredstatements="29" conditionals="10" coveredconditionals="4" methods="12" coveredmethods="10"/>
      <file name="message.js" path="/home/chris/rithm/exercises/express-messagely/models/message.js">
        <metrics statements="13" coveredstatements="5" conditionals="4" coveredconditionals="0" methods="3" coveredmethods="1"/>
        <line num="5" count="1" type="stmt"/>
        <line num="6" count="1" type="stmt"/>
        <line num="17" count="4" type="stmt"/>
        <line num="27" count="4" type="stmt"/>
        <line num="39" count="0" type="stmt"/>
        <line num="45" count="0" type="stmt"/>
        <line num="47" count="0" type="cond" truecount="0" falsecount="2"/>
        <line num="49" count="0" type="stmt"/>
        <line num="61" count="0" type="stmt"/>
        <line num="80" count="0" type="stmt"/>
        <line num="82" count="0" type="cond" truecount="0" falsecount="2"/>
        <line num="84" count="0" type="stmt"/>
        <line num="106" count="1" type="stmt"/>
      </file>
      <file name="user.js" path="/home/chris/rithm/exercises/express-messagely/models/user.js">
        <metrics statements="24" coveredstatements="24" conditionals="6" coveredconditionals="4" methods="9" coveredmethods="9"/>
        <line num="3" count="1" type="stmt"/>
        <line num="4" count="1" type="stmt"/>
        <line num="5" count="1" type="stmt"/>
        <line num="7" count="1" type="stmt"/>
        <line num="17" count="10" type="stmt"/>
        <line num="19" count="10" type="stmt"/>
        <line num="37" count="10" type="stmt"/>
        <line num="43" count="2" type="stmt"/>
        <line num="51" count="2" type="stmt"/>
        <line num="53" count="2" type="cond" truecount="2" falsecount="0"/>
        <line num="59" count="1" type="stmt"/>
        <line num="69" count="1" type="stmt"/>
        <line num="71" count="1" type="cond" truecount="1" falsecount="1"/>
        <line num="78" count="1" type="stmt"/>
        <line num="85" count="1" type="stmt"/>
        <line num="98" count="3" type="stmt"/>
        <line num="113" count="3" type="stmt"/>
        <line num="115" count="3" type="cond" truecount="1" falsecount="1"/>
        <line num="117" count="3" type="stmt"/>
        <line num="129" count="1" type="stmt"/>
        <line num="147" count="1" type="stmt"/>
        <line num="170" count="1" type="stmt"/>
        <line num="188" count="1" type="stmt"/>
        <line num="203" count="1" type="stmt"/>
      </file>
    </package>
  </project>
</coverage>
