{"/home/chris/rithm/exercises/express-messagely/config.js": {"path":"/home/chris/rithm/exercises/express-messagely/config.js","statementMap":{"0":{"start":{"line":7,"column":0},"end":{"line":7,"column":27}},"1":{"start":{"line":10,"column":2},"end":{"line":12,"column":27}},"2":{"start":{"line":16,"column":19},"end":{"line":16,"column":53}},"3":{"start":{"line":18,"column":27},"end":{"line":18,"column":29}},"4":{"start":{"line":20,"column":0},"end":{"line":24,"column":2}}},"fnMap":{},"branchMap":{"0":{"loc":{"start":{"line":10,"column":2},"end":{"line":12,"column":27}},"type":"cond-expr","locations":[{"start":{"line":11,"column":6},"end":{"line":11,"column":32}},{"start":{"line":12,"column":6},"end":{"line":12,"column":27}}],"line":10},"1":{"loc":{"start":{"line":16,"column":19},"end":{"line":16,"column":53}},"type":"binary-expr","locations":[{"start":{"line":16,"column":19},"end":{"line":16,"column":41}},{"start":{"line":16,"column":45},"end":{"line":16,"column":53}}],"line":16}},"s":{"0":1,"1":1,"2":1,"3":1,"4":1},"f":{},"b":{"0":[1,0],"1":[1,0]},"_coverageSchema":"1a1c01bbd47fc00a2c39e90264f33305004495a9","hash":"eb89f4943c1dd2c3e71bb8f1e076493d3c08a3c5"}
,"/home/chris/rithm/exercises/express-messagely/db.js": {"path":"/home/chris/rithm/exercises/express-messagely/db.js","statementMap":{"0":{"start":{"line":6,"column":19},"end":{"line":6,"column":32}},"1":{"start":{"line":7,"column":19},"end":{"line":7,"column":38}},"2":{"start":{"line":9,"column":11},"end":{"line":9,"column":29}},"3":{"start":{"line":11,"column":0},"end":{"line":11,"column":13}},"4":{"start":{"line":14,"column":0},"end":{"line":14,"column":20}}},"fnMap":{},"branchMap":{},"s":{"0":1,"1":1,"2":1,"3":1,"4":1},"f":{},"b":{},"_coverageSchema":"1a1c01bbd47fc00a2c39e90264f33305004495a9","hash":"9721d3d2b10ebe043125609f98f282ffa3b7738c"}
,"/home/chris/rithm/exercises/express-messagely/expressError.js": {"path":"/home/chris/rithm/exercises/express-messagely/expressError.js","statementMap":{"0":{"start":{"line":9,"column":4},"end":{"line":9,"column":12}},"1":{"start":{"line":10,"column":4},"end":{"line":10,"column":27}},"2":{"start":{"line":11,"column":4},"end":{"line":11,"column":25}},"3":{"start":{"line":19,"column":4},"end":{"line":19,"column":24}},"4":{"start":{"line":27,"column":4},"end":{"line":27,"column":24}},"5":{"start":{"line":35,"column":4},"end":{"line":35,"column":24}},"6":{"start":{"line":43,"column":4},"end":{"line":43,"column":24}},"7":{"start":{"line":47,"column":0},"end":{"line":53,"column":2}}},"fnMap":{"0":{"name":"(anonymous_0)","decl":{"start":{"line":8,"column":2},"end":{"line":8,"column":3}},"loc":{"start":{"line":8,"column":31},"end":{"line":12,"column":3}},"line":8},"1":{"name":"(anonymous_1)","decl":{"start":{"line":18,"column":2},"end":{"line":18,"column":3}},"loc":{"start":{"line":18,"column":37},"end":{"line":20,"column":3}},"line":18},"2":{"name":"(anonymous_2)","decl":{"start":{"line":26,"column":2},"end":{"line":26,"column":3}},"loc":{"start":{"line":26,"column":40},"end":{"line":28,"column":3}},"line":26},"3":{"name":"(anonymous_3)","decl":{"start":{"line":34,"column":2},"end":{"line":34,"column":3}},"loc":{"start":{"line":34,"column":39},"end":{"line":36,"column":3}},"line":34},"4":{"name":"(anonymous_4)","decl":{"start":{"line":42,"column":2},"end":{"line":42,"column":3}},"loc":{"start":{"line":42,"column":39},"end":{"line":44,"column":3}},"line":42}},"branchMap":{"0":{"loc":{"start":{"line":18,"column":14},"end":{"line":18,"column":35}},"type":"default-arg","locations":[{"start":{"line":18,"column":24},"end":{"line":18,"column":35}}],"line":18},"1":{"loc":{"start":{"line":26,"column":14},"end":{"line":26,"column":38}},"type":"default-arg","locations":[{"start":{"line":26,"column":24},"end":{"line":26,"column":38}}],"line":26},"2":{"loc":{"start":{"line":34,"column":14},"end":{"line":34,"column":37}},"type":"default-arg","locations":[{"start":{"line":34,"column":24},"end":{"line":34,"column":37}}],"line":34},"3":{"loc":{"start":{"line":42,"column":14},"end":{"line":42,"column":37}},"type":"default-arg","locations":[{"start":{"line":42,"column":24},"end":{"line":42,"column":37}}],"line":42}},"s":{"0":0,"1":0,"2":0,"3":0,"4":0,"5":0,"6":0,"7":1},"f":{"0":0,"1":0,"2":0,"3":0,"4":0},"b":{"0":[0],"1":[0],"2":[0],"3":[0]},"_coverageSchema":"1a1c01bbd47fc00a2c39e90264f33305004495a9","hash":"73fef93ea1332794692e883623307022f5594707"}
,"/home/chris/rithm/exercises/express-messagely/models/message.js": {"path":"/home/chris/rithm/exercises/express-messagely/models/message.js","statementMap":{"0":{"start":{"line":5,"column":26},"end":{"line":5,"column":52}},"1":{"start":{"line":6,"column":11},"end":{"line":6,"column":27}},"2":{"start":{"line":17,"column":19},"end":{"line":25,"column":43}},"3":{"start":{"line":27,"column":4},"end":{"line":27,"column":26}},"4":{"start":{"line":39,"column":19},"end":{"line":44,"column":13}},"5":{"start":{"line":45,"column":20},"end":{"line":45,"column":34}},"6":{"start":{"line":47,"column":4},"end":{"line":47,"column":68}},"7":{"start":{"line":47,"column":18},"end":{"line":47,"column":68}},"8":{"start":{"line":49,"column":4},"end":{"line":49,"column":19}},"9":{"start":{"line":61,"column":19},"end":{"line":78,"column":13}},"10":{"start":{"line":80,"column":12},"end":{"line":80,"column":26}},"11":{"start":{"line":82,"column":4},"end":{"line":82,"column":62}},"12":{"start":{"line":82,"column":12},"end":{"line":82,"column":62}},"13":{"start":{"line":84,"column":4},"end":{"line":101,"column":6}},"14":{"start":{"line":106,"column":0},"end":{"line":106,"column":25}}},"fnMap":{"0":{"name":"(anonymous_0)","decl":{"start":{"line":16,"column":2},"end":{"line":16,"column":3}},"loc":{"start":{"line":16,"column":60},"end":{"line":28,"column":3}},"line":16},"1":{"name":"(anonymous_1)","decl":{"start":{"line":38,"column":2},"end":{"line":38,"column":3}},"loc":{"start":{"line":38,"column":28},"end":{"line":50,"column":3}},"line":38},"2":{"name":"(anonymous_2)","decl":{"start":{"line":60,"column":2},"end":{"line":60,"column":3}},"loc":{"start":{"line":60,"column":23},"end":{"line":102,"column":3}},"line":60}},"branchMap":{"0":{"loc":{"start":{"line":47,"column":4},"end":{"line":47,"column":68}},"type":"if","locations":[{"start":{"line":47,"column":4},"end":{"line":47,"column":68}},{"start":{},"end":{}}],"line":47},"1":{"loc":{"start":{"line":82,"column":4},"end":{"line":82,"column":62}},"type":"if","locations":[{"start":{"line":82,"column":4},"end":{"line":82,"column":62}},{"start":{},"end":{}}],"line":82}},"s":{"0":1,"1":1,"2":4,"3":4,"4":0,"5":0,"6":0,"7":0,"8":0,"9":0,"10":0,"11":0,"12":0,"13":0,"14":1},"f":{"0":4,"1":0,"2":0},"b":{"0":[0,0],"1":[0,0]},"_coverageSchema":"1a1c01bbd47fc00a2c39e90264f33305004495a9","hash":"185505c315a9aaee3e8e4281611d00975b2a6eca"}
,"/home/chris/rithm/exercises/express-messagely/models/user.js": {"path":"/home/chris/rithm/exercises/express-messagely/models/user.js","statementMap":{"0":{"start":{"line":3,"column":11},"end":{"line":3,"column":27}},"1":{"start":{"line":4,"column":15},"end":{"line":4,"column":32}},"2":{"start":{"line":5,"column":31},"end":{"line":5,"column":51}},"3":{"start":{"line":7,"column":45},"end":{"line":7,"column":71}},"4":{"start":{"line":17,"column":27},"end":{"line":17,"column":74}},"5":{"start":{"line":19,"column":19},"end":{"line":35,"column":5}},"6":{"start":{"line":37,"column":4},"end":{"line":37,"column":26}},"7":{"start":{"line":43,"column":19},"end":{"line":50,"column":5}},"8":{"start":{"line":51,"column":17},"end":{"line":51,"column":31}},"9":{"start":{"line":53,"column":4},"end":{"line":53,"column":76}},"10":{"start":{"line":59,"column":19},"end":{"line":67,"column":5}},"11":{"start":{"line":69,"column":17},"end":{"line":69,"column":31}},"12":{"start":{"line":71,"column":4},"end":{"line":71,"column":63}},"13":{"start":{"line":71,"column":15},"end":{"line":71,"column":63}},"14":{"start":{"line":78,"column":19},"end":{"line":83,"column":5}},"15":{"start":{"line":85,"column":4},"end":{"line":85,"column":23}},"16":{"start":{"line":98,"column":19},"end":{"line":111,"column":5}},"17":{"start":{"line":113,"column":17},"end":{"line":113,"column":31}},"18":{"start":{"line":115,"column":4},"end":{"line":115,"column":63}},"19":{"start":{"line":115,"column":15},"end":{"line":115,"column":63}},"20":{"start":{"line":117,"column":4},"end":{"line":117,"column":16}},"21":{"start":{"line":129,"column":19},"end":{"line":145,"column":5}},"22":{"start":{"line":147,"column":4},"end":{"line":158,"column":8}},"23":{"start":{"line":147,"column":35},"end":{"line":158,"column":5}},"24":{"start":{"line":170,"column":19},"end":{"line":186,"column":5}},"25":{"start":{"line":188,"column":4},"end":{"line":199,"column":8}},"26":{"start":{"line":188,"column":35},"end":{"line":199,"column":5}},"27":{"start":{"line":203,"column":0},"end":{"line":203,"column":22}}},"fnMap":{"0":{"name":"(anonymous_0)","decl":{"start":{"line":16,"column":2},"end":{"line":16,"column":3}},"loc":{"start":{"line":16,"column":78},"end":{"line":38,"column":3}},"line":16},"1":{"name":"(anonymous_1)","decl":{"start":{"line":42,"column":2},"end":{"line":42,"column":3}},"loc":{"start":{"line":42,"column":48},"end":{"line":54,"column":3}},"line":42},"2":{"name":"(anonymous_2)","decl":{"start":{"line":58,"column":2},"end":{"line":58,"column":3}},"loc":{"start":{"line":58,"column":46},"end":{"line":72,"column":3}},"line":58},"3":{"name":"(anonymous_3)","decl":{"start":{"line":77,"column":2},"end":{"line":77,"column":3}},"loc":{"start":{"line":77,"column":21},"end":{"line":86,"column":3}},"line":77},"4":{"name":"(anonymous_4)","decl":{"start":{"line":97,"column":2},"end":{"line":97,"column":3}},"loc":{"start":{"line":97,"column":29},"end":{"line":118,"column":3}},"line":97},"5":{"name":"(anonymous_5)","decl":{"start":{"line":128,"column":2},"end":{"line":128,"column":3}},"loc":{"start":{"line":128,"column":38},"end":{"line":159,"column":3}},"line":128},"6":{"name":"(anonymous_6)","decl":{"start":{"line":147,"column":27},"end":{"line":147,"column":28}},"loc":{"start":{"line":147,"column":35},"end":{"line":158,"column":5}},"line":147},"7":{"name":"(anonymous_7)","decl":{"start":{"line":169,"column":2},"end":{"line":169,"column":3}},"loc":{"start":{"line":169,"column":36},"end":{"line":200,"column":3}},"line":169},"8":{"name":"(anonymous_8)","decl":{"start":{"line":188,"column":27},"end":{"line":188,"column":28}},"loc":{"start":{"line":188,"column":35},"end":{"line":199,"column":5}},"line":188}},"branchMap":{"0":{"loc":{"start":{"line":53,"column":11},"end":{"line":53,"column":75}},"type":"binary-expr","locations":[{"start":{"line":53,"column":11},"end":{"line":53,"column":15}},{"start":{"line":53,"column":19},"end":{"line":53,"column":75}}],"line":53},"1":{"loc":{"start":{"line":71,"column":4},"end":{"line":71,"column":63}},"type":"if","locations":[{"start":{"line":71,"column":4},"end":{"line":71,"column":63}},{"start":{},"end":{}}],"line":71},"2":{"loc":{"start":{"line":115,"column":4},"end":{"line":115,"column":63}},"type":"if","locations":[{"start":{"line":115,"column":4},"end":{"line":115,"column":63}},{"start":{},"end":{}}],"line":115}},"s":{"0":1,"1":1,"2":1,"3":1,"4":10,"5":10,"6":10,"7":2,"8":2,"9":2,"10":1,"11":1,"12":1,"13":0,"14":1,"15":1,"16":3,"17":3,"18":3,"19":0,"20":3,"21":1,"22":1,"23":1,"24":1,"25":1,"26":1,"27":1},"f":{"0":10,"1":2,"2":1,"3":1,"4":3,"5":1,"6":1,"7":1,"8":1},"b":{"0":[2,2],"1":[0,1],"2":[0,3]},"_coverageSchema":"1a1c01bbd47fc00a2c39e90264f33305004495a9","hash":"65ac35d6dff291967a0912212513ff3279734798"}
}
