TN:
SF:config.js
FNF:0
FNH:0
DA:7,1
DA:10,1
DA:16,1
DA:18,1
DA:20,1
LF:5
LH:5
BRDA:10,0,0,1
BRDA:10,0,1,0
BRDA:16,1,0,1
BRDA:16,1,1,0
BRF:4
BRH:2
end_of_record
TN:
SF:db.js
FNF:0
FNH:0
DA:6,1
DA:7,1
DA:9,1
DA:11,1
DA:14,1
LF:5
LH:5
BRF:0
BRH:0
end_of_record
TN:
SF:expressError.js
FN:8,(anonymous_0)
FN:18,(anonymous_1)
FN:26,(anonymous_2)
FN:34,(anonymous_3)
FN:42,(anonymous_4)
FNF:5
FNH:0
FNDA:0,(anonymous_0)
FNDA:0,(anonymous_1)
FNDA:0,(anonymous_2)
FNDA:0,(anonymous_3)
FNDA:0,(anonymous_4)
DA:9,0
DA:10,0
DA:11,0
DA:19,0
DA:27,0
DA:35,0
DA:43,0
DA:47,1
LF:8
LH:1
BRDA:18,0,0,0
BRDA:26,1,0,0
BRDA:34,2,0,0
BRDA:42,3,0,0
BRF:4
BRH:0
end_of_record
TN:
SF:models/message.js
FN:16,(anonymous_0)
FN:38,(anonymous_1)
FN:60,(anonymous_2)
FNF:3
FNH:1
FNDA:4,(anonymous_0)
FNDA:0,(anonymous_1)
FNDA:0,(anonymous_2)
DA:5,1
DA:6,1
DA:17,4
DA:27,4
DA:39,0
DA:45,0
DA:47,0
DA:49,0
DA:61,0
DA:80,0
DA:82,0
DA:84,0
DA:106,1
LF:13
LH:5
BRDA:47,0,0,0
BRDA:47,0,1,0
BRDA:82,1,0,0
BRDA:82,1,1,0
BRF:4
BRH:0
end_of_record
TN:
SF:models/user.js
FN:16,(anonymous_0)
FN:42,(anonymous_1)
FN:58,(anonymous_2)
FN:77,(anonymous_3)
FN:97,(anonymous_4)
FN:128,(anonymous_5)
FN:147,(anonymous_6)
FN:169,(anonymous_7)
FN:188,(anonymous_8)
FNF:9
FNH:9
FNDA:10,(anonymous_0)
FNDA:2,(anonymous_1)
FNDA:1,(anonymous_2)
FNDA:1,(anonymous_3)
FNDA:3,(anonymous_4)
FNDA:1,(anonymous_5)
FNDA:1,(anonymous_6)
FNDA:1,(anonymous_7)
FNDA:1,(anonymous_8)
DA:3,1
DA:4,1
DA:5,1
DA:7,1
DA:17,10
DA:19,10
DA:37,10
DA:43,2
DA:51,2
DA:53,2
DA:59,1
DA:69,1
DA:71,1
DA:78,1
DA:85,1
DA:98,3
DA:113,3
DA:115,3
DA:117,3
DA:129,1
DA:147,1
DA:170,1
DA:188,1
DA:203,1
LF:24
LH:24
BRDA:53,0,0,2
BRDA:53,0,1,2
BRDA:71,1,0,0
BRDA:71,1,1,1
BRDA:115,2,0,0
BRDA:115,2,1,3
BRF:6
BRH:4
end_of_record
